2025-03-28 22:33:21 [INFO]: POST /operator/register - ::1
2025-03-28 22:34:00 [INFO]: POST /operator/login - ::1
2025-03-28 22:34:33 [INFO]: Connecting to MongoDB...
2025-03-28 22:34:33 [INFO]: MongoDB Connected
2025-03-28 22:34:33 [INFO]: Server running on port 5001
2025-03-28 22:37:04 [INFO]: Connecting to MongoDB...
2025-03-28 22:37:04 [INFO]: MongoDB Connected
2025-03-28 22:37:41 [INFO]: Connecting to MongoDB...
2025-03-28 22:37:41 [INFO]: MongoDB Connected
2025-03-28 22:39:02 [INFO]: Connecting to MongoDB...
2025-03-28 22:39:03 [INFO]: MongoDB Connected
2025-03-28 22:39:03 [INFO]: Server running on port 8000
2025-03-28 22:39:10 [INFO]: POST /operator/login - ::1
2025-03-28 22:39:22 [INFO]: POST /user/register - ::1
2025-03-28 22:39:40 [INFO]: POST /user/register - ::1
2025-03-28 22:39:45 [INFO]: POST /user/login - ::1
2025-03-28 22:40:09 [INFO]: POST /user/login - ::1
2025-03-28 22:40:15 [INFO]: POST /user/profiel - ::1
2025-03-28 22:40:17 [INFO]: POST /user/profile - ::1
2025-03-28 22:40:21 [INFO]: GET /user/profile - ::1
2025-03-28 22:52:24 [INFO]: Connecting to MongoDB...
2025-03-28 22:52:24 [INFO]: MongoDB Connected
2025-03-28 22:52:24 [INFO]: Server running on port 8000
2025-03-28 22:52:29 [INFO]: Connecting to MongoDB...
2025-03-28 22:52:29 [INFO]: MongoDB Connected
2025-03-28 22:52:29 [INFO]: Server running on port 8000
2025-03-28 22:55:02 [INFO]: POST /operator/register - ::1
2025-03-28 22:55:48 [INFO]: POST /operator/register - ::1
2025-03-28 22:56:39 [INFO]: POST /operator/register - ::1
2025-03-28 22:56:44 [INFO]: POST /operator/login - ::1
2025-03-28 22:57:12 [INFO]: POST /operator/profile - ::1
2025-03-28 22:57:16 [INFO]: GET /operator/profile - ::1
2025-03-28 22:58:31 [INFO]: Connecting to MongoDB...
2025-03-28 22:58:31 [INFO]: MongoDB Connected
2025-03-28 22:58:31 [INFO]: Server running on port 8000
2025-03-28 22:58:35 [INFO]: Connecting to MongoDB...
2025-03-28 22:58:35 [INFO]: MongoDB Connected
2025-03-28 22:58:35 [INFO]: Server running on port 8000
2025-03-28 22:58:52 [INFO]: Connecting to MongoDB...
2025-03-28 22:58:52 [INFO]: MongoDB Connected
2025-03-28 22:58:52 [INFO]: Server running on port 8000
2025-03-28 22:59:01 [INFO]: Connecting to MongoDB...
2025-03-28 22:59:01 [INFO]: MongoDB Connected
2025-03-28 22:59:01 [INFO]: Server running on port 8000
2025-03-28 22:59:05 [INFO]: GET /operator/profile - ::1
2025-03-28 23:00:10 [INFO]: GET /operator/trip - ::1
2025-03-28 23:02:09 [INFO]: POST /user/book - ::1
2025-03-28 23:03:42 [INFO]: POST /user/book - ::1
2025-03-28 23:05:40 [INFO]: Connecting to MongoDB...
2025-03-28 23:05:40 [INFO]: MongoDB Connected
2025-03-28 23:05:40 [INFO]: Server running on port 8000
2025-03-28 23:05:42 [INFO]: POST /user/book - ::1
2025-03-28 23:07:15 [INFO]: Connecting to MongoDB...
2025-03-28 23:07:15 [INFO]: MongoDB Connected
2025-03-28 23:07:15 [INFO]: Server running on port 8000
2025-03-28 23:07:18 [INFO]: Connecting to MongoDB...
2025-03-28 23:07:18 [INFO]: MongoDB Connected
2025-03-28 23:07:18 [INFO]: Server running on port 8000
2025-03-28 23:07:19 [INFO]: POST /user/book - ::1
2025-03-28 23:07:43 [INFO]: Connecting to MongoDB...
2025-03-28 23:07:43 [INFO]: MongoDB Connected
2025-03-28 23:07:43 [INFO]: Server running on port 8000
2025-03-28 23:07:47 [INFO]: Connecting to MongoDB...
2025-03-28 23:07:47 [INFO]: MongoDB Connected
2025-03-28 23:07:47 [INFO]: Server running on port 8000
2025-03-28 23:07:53 [INFO]: Connecting to MongoDB...
2025-03-28 23:07:53 [INFO]: MongoDB Connected
2025-03-28 23:07:53 [INFO]: Server running on port 8000
2025-03-28 23:08:23 [INFO]: Connecting to MongoDB...
2025-03-28 23:08:23 [INFO]: MongoDB Connected
2025-03-28 23:08:23 [INFO]: Server running on port 8000
2025-03-28 23:08:27 [INFO]: POST /user/book - ::1
2025-03-28 23:10:04 [INFO]: Connecting to MongoDB...
2025-03-28 23:10:04 [INFO]: MongoDB Connected
2025-03-28 23:10:04 [INFO]: Server running on port 8000
2025-03-28 23:10:10 [INFO]: Connecting to MongoDB...
2025-03-28 23:10:10 [INFO]: MongoDB Connected
2025-03-28 23:10:10 [INFO]: Server running on port 8000
2025-03-28 23:10:23 [INFO]: Connecting to MongoDB...
2025-03-28 23:10:23 [INFO]: MongoDB Connected
2025-03-28 23:10:23 [INFO]: Server running on port 8000
2025-03-28 23:10:23 [INFO]: POST /user/book - ::1
2025-03-28 23:10:45 [INFO]: Connecting to MongoDB...
2025-03-28 23:10:45 [INFO]: MongoDB Connected
2025-03-28 23:10:45 [INFO]: Server running on port 8000
2025-03-28 23:11:20 [INFO]: Connecting to MongoDB...
2025-03-28 23:11:20 [INFO]: MongoDB Connected
2025-03-28 23:11:20 [INFO]: Server running on port 8000
2025-03-28 23:11:22 [INFO]: Connecting to MongoDB...
2025-03-28 23:11:22 [INFO]: MongoDB Connected
2025-03-28 23:11:22 [INFO]: Server running on port 8000
2025-03-28 23:14:11 [INFO]: Connecting to MongoDB...
2025-03-28 23:14:11 [INFO]: MongoDB Connected
2025-03-28 23:14:11 [INFO]: Server running on port 8000
2025-03-28 23:15:41 [INFO]: Connecting to MongoDB...
2025-03-28 23:15:41 [INFO]: MongoDB Connected
2025-03-28 23:15:41 [INFO]: Server running on port 8000
2025-03-28 23:16:06 [INFO]: Connecting to MongoDB...
2025-03-28 23:16:06 [INFO]: MongoDB Connected
2025-03-28 23:16:06 [INFO]: Server running on port 8000
2025-03-28 23:16:33 [INFO]: POST /operator/trip - ::1
2025-03-28 23:17:17 [INFO]: POST /operator/trip - ::1
2025-03-28 23:17:54 [INFO]: POST /operator/trip - ::1
2025-03-28 23:19:48 [INFO]: Connecting to MongoDB...
2025-03-28 23:19:48 [INFO]: MongoDB Connected
2025-03-28 23:19:48 [INFO]: Server running on port 8000
2025-03-28 23:19:53 [INFO]: Connecting to MongoDB...
2025-03-28 23:19:53 [INFO]: MongoDB Connected
2025-03-28 23:19:53 [INFO]: Server running on port 8000
2025-03-28 23:19:56 [INFO]: Connecting to MongoDB...
2025-03-28 23:19:56 [INFO]: MongoDB Connected
2025-03-28 23:19:56 [INFO]: Server running on port 8000
2025-03-28 23:19:59 [INFO]: POST /operator/trip - ::1
2025-03-28 23:20:24 [INFO]: Connecting to MongoDB...
2025-03-28 23:20:24 [INFO]: MongoDB Connected
2025-03-28 23:20:24 [INFO]: Server running on port 8000
2025-03-28 23:20:26 [INFO]: Connecting to MongoDB...
2025-03-28 23:20:26 [INFO]: MongoDB Connected
2025-03-28 23:20:26 [INFO]: Server running on port 8000
2025-03-28 23:20:27 [INFO]: POST /operator/trip - ::1
2025-03-28 23:22:03 [INFO]: POST /operator/trip - ::1
2025-03-28 23:22:31 [INFO]: POST /user/book - ::1
2025-03-28 23:23:57 [INFO]: Connecting to MongoDB...
2025-03-28 23:23:57 [INFO]: MongoDB Connected
2025-03-28 23:23:57 [INFO]: Server running on port 8000
2025-03-28 23:24:01 [INFO]: POST /user/book - ::1
2025-03-28 23:24:22 [INFO]: POST /user/book - ::1
2025-03-28 23:24:35 [INFO]: GET /user/profile - ::1
2025-03-28 23:25:04 [INFO]: Connecting to MongoDB...
2025-03-28 23:25:04 [INFO]: MongoDB Connected
2025-03-28 23:25:04 [INFO]: Server running on port 8000
2025-03-28 23:25:05 [INFO]: Connecting to MongoDB...
2025-03-28 23:25:05 [INFO]: MongoDB Connected
2025-03-28 23:25:05 [INFO]: Server running on port 8000
2025-03-28 23:25:06 [INFO]: Connecting to MongoDB...
2025-03-28 23:25:06 [INFO]: MongoDB Connected
2025-03-28 23:25:06 [INFO]: Server running on port 8000
2025-03-28 23:25:08 [INFO]: Connecting to MongoDB...
2025-03-28 23:25:08 [INFO]: MongoDB Connected
2025-03-28 23:25:08 [INFO]: Server running on port 8000
2025-03-28 23:25:11 [INFO]: Connecting to MongoDB...
2025-03-28 23:25:11 [INFO]: MongoDB Connected
2025-03-28 23:25:11 [INFO]: Server running on port 8000
2025-03-28 23:25:12 [INFO]: Connecting to MongoDB...
2025-03-28 23:25:12 [INFO]: MongoDB Connected
2025-03-28 23:25:12 [INFO]: Server running on port 8000
2025-03-28 23:25:13 [INFO]: Connecting to MongoDB...
2025-03-28 23:25:13 [INFO]: MongoDB Connected
2025-03-28 23:25:13 [INFO]: Server running on port 8000
2025-03-28 23:26:15 [INFO]: PUT /operator/trip/67e6e1c368dc57f3d3a568c3 - ::1
2025-03-28 23:26:39 [INFO]: GET /operator/trip - ::1
2025-03-28 23:26:54 [INFO]: GET /operator/trip/67e6da8b66caed4a95f3055b - ::1
2025-03-28 23:27:19 [INFO]: GET /user/register - ::1
